Using pre-set license

 COMMAND LINE ARGUMENTS:
/Applications/Unity/Hub/Editor/2020.3.7f1/Unity.app/Contents/MacOS/Unity
-adb2
-batchMode
-noUpm
-name
AssetImportWorker0
-projectPath
/Users/emilycarroso/Desktop/Desktop Files/UnityGames/Undercover Avian - Pigeon Edition
-logFile
Logs/AssetImportWorker0.log
-srvPort
56435
Successfully changed project path to: /Users/emilycarroso/Desktop/Desktop Files/UnityGames/Undercover Avian - Pigeon Edition
/Users/emilycarroso/Desktop/Desktop Files/UnityGames/Undercover Avian - Pigeon Edition
Using Asset Import Pipeline V2.
Refreshing native plugins compatible for Editor in 51.25 ms, found 2 plugins.
Preloading 0 native plugins for Editor in 0.00 ms.
Initialize engine version: 2020.3.7f1 (dd97f2c94397)
[Subsystems] Discovering subsystems at path /Applications/Unity/Hub/Editor/2020.3.7f1/Unity.app/Contents/Resources/UnitySubsystems
[Subsystems] Discovering subsystems at path /Users/emilycarroso/Desktop/Desktop Files/UnityGames/Undercover Avian - Pigeon Edition/Assets
GfxDevice: creating device client; threaded=0
2022-07-10 17:43:05.512 Unity[46973:36033726] Color LCD preferred device: Intel(R) Iris(TM) Plus Graphics 640 (low power)
2022-07-10 17:43:05.512 Unity[46973:36033726] Metal devices available: 1
2022-07-10 17:43:05.512 Unity[46973:36033726] 0: Intel(R) Iris(TM) Plus Graphics 640 (low power)
2022-07-10 17:43:05.512 Unity[46973:36033726] Using device Intel(R) Iris(TM) Plus Graphics 640 (low power)
Initializing Metal device caps: Intel(R) Iris(TM) Plus Graphics 640
Initialize mono
Mono path[0] = '/Applications/Unity/Hub/Editor/2020.3.7f1/Unity.app/Contents/Managed'
Mono path[1] = '/Applications/Unity/Hub/Editor/2020.3.7f1/Unity.app/Contents/MonoBleedingEdge/lib/mono/unityjit'
Mono config path = '/Applications/Unity/Hub/Editor/2020.3.7f1/Unity.app/Contents/MonoBleedingEdge/etc'
Using monoOptions --debugger-agent=transport=dt_socket,embedding=1,server=y,suspend=n,address=127.0.0.1:56973
Begin MonoManager ReloadAssembly
Registering precompiled unity dll's ...
Register platform support module: /Applications/Unity/Hub/Editor/2020.3.7f1/Unity.app/Contents/PlaybackEngines/MacStandaloneSupport/UnityEditor.OSXStandalone.Extensions.dll
Register platform support module: /Applications/Unity/Hub/Editor/2020.3.7f1/PlaybackEngines/WindowsStandaloneSupport/UnityEditor.WindowsStandalone.Extensions.dll
Register platform support module: /Applications/Unity/Hub/Editor/2020.3.7f1/PlaybackEngines/LinuxStandaloneSupport/UnityEditor.LinuxStandalone.Extensions.dll
Registered in 0.003803 seconds.
Native extension for LinuxStandalone target not found
Native extension for WindowsStandalone target not found
Native extension for OSXStandalone target not found
Refreshing native plugins compatible for Editor in 39.61 ms, found 2 plugins.
Preloading 0 native plugins for Editor in 0.00 ms.
Mono: successfully reloaded assembly
- Completed reload, in  2.623 seconds
Platform modules already initialized, skipping
Registering precompiled user dll's ...
Registered in 0.001484 seconds.
Begin MonoManager ReloadAssembly
Native extension for LinuxStandalone target not found
Native extension for WindowsStandalone target not found
Native extension for OSXStandalone target not found
Refreshing native plugins compatible for Editor in 39.98 ms, found 2 plugins.
Preloading 0 native plugins for Editor in 0.00 ms.
Mono: successfully reloaded assembly
- Completed reload, in  1.670 seconds
Platform modules already initialized, skipping
========================================================================
Worker process is ready to serve import requests
Launching external process: /Applications/Unity/Hub/Editor/2020.3.7f1/Unity.app/Contents/Tools/UnityShaderCompiler
Launched and connected shader compiler UnityShaderCompiler after 0.02 seconds
Refreshing native plugins compatible for Editor in 0.42 ms, found 2 plugins.
Preloading 0 native plugins for Editor in 0.00 ms.
Unloading 1808 Unused Serialized files (Serialized files now loaded: 0)
System memory in use before: 145.2 MB.
System memory in use after: 145.1 MB.

Unloading 24 unused Assets to reduce memory usage. Loaded Objects now: 2250.
Total: 4.265836 ms (FindLiveObjects: 0.714119 ms CreateObjectMapping: 0.153251 ms MarkObjects: 3.070302 ms  DeleteObjects: 0.323500 ms)

========================================================================
Received Import Request.
  path: Assets/Scenes
  artifactKey: Guid(e558c2e617bc7408fa8bb17366b52dde) Importer(815301076,1909f56bfc062723c751e8b465ee728b)
Start importing Assets/Scenes using Guid(e558c2e617bc7408fa8bb17366b52dde) Importer(815301076,1909f56bfc062723c751e8b465ee728b)  -> (artifact id: 'd141fd0e33d1a36147976d785060ea97') in 0.005298 seconds
  Import took 0.017961 seconds .

AssetImportWorkerClient::OnTransportError - code=2 error=End of file
